<?xml version="1.0" encoding="UTF-8"?>
<!-- Generated by org.testng.reporters.JUnitReportReporter -->
<testsuite hostname="DESKTOP-COIFPFN" failures="0" tests="1" name="jenkintest" time="0.014" errors="0" timestamp="2020-09-23T14:24:20 IST" skipped="0">
  <testcase classname="jenkintest" name="testjenkins" time="0.014"/>
  <system-out/>
</testsuite> <!-- jenkintest -->
