<?xml version="1.0" encoding="UTF-8"?>
<!-- Generated by org.testng.reporters.JUnitReportReporter -->
<testsuite hostname="DESKTOP-COIFPFN" failures="0" tests="1" name="Practicepage2" time="14.076" errors="0" timestamp="2020-09-22T17:06:40 IST" skipped="0">
  <testcase classname="Practicepage2" name="Trychkbox" time="14.076"/>
  <system-out/>
</testsuite> <!-- Practicepage2 -->
