<?xml version="1.0" encoding="UTF-8"?>
<!-- Generated by org.testng.reporters.JUnitReportReporter -->
<testsuite hostname="DESKTOP-COIFPFN" failures="0" tests="1" name="Practicepage" time="0.031" errors="0" timestamp="2020-09-22T16:26:36 IST" skipped="0">
  <testcase classname="Practicepage" name="Trychkbox" time="0.031"/>
  <system-out/>
</testsuite> <!-- Practicepage -->
